android/app/build/intermediates/manifest_merge_blame_file/release/manifest-merger-blame-release-report.txt
1<?xml version="1.0" encoding="utf-8"?>
2<manifest xmlns:android="http://schemas.android.com/apk/res/android"
3    package="com.dimand"
4    android:versionCode="1"
5    android:versionName="1.0" >
6
7    <uses-sdk
8        android:minSdkVersion="21"
8-->src\main\AndroidManifest.xml
9        android:targetSdkVersion="29" />
9-->src\main\AndroidManifest.xml
10
11    <uses-permission android:name="android.permission.INTERNET" />
11-->src\main\AndroidManifest.xml:4:5-67
11-->src\main\AndroidManifest.xml:4:22-64
12    <uses-permission android:name="android.permission.READ_EXTERNAL_STORAGET" />
12-->src\main\AndroidManifest.xml:5:5-81
12-->src\main\AndroidManifest.xml:5:22-78
13    <uses-permission android:name="android.permission.WRITE_EXTERNAL_STORAGE" />
13-->src\main\AndroidManifest.xml:6:5-81
13-->src\main\AndroidManifest.xml:6:22-78
14
15    <application
15-->src\main\AndroidManifest.xml:8:5-27:19
16        android:name="com.dimand.MainApplication"
16-->src\main\AndroidManifest.xml:9:7-38
17        android:allowBackup="false"
17-->src\main\AndroidManifest.xml:13:7-34
18        android:appComponentFactory="androidx.core.app.CoreComponentFactory"
18-->[androidx.core:core:1.3.1] AndroidManifest.xml:24:18-86
19        android:icon="@mipmap/ic_launcher"
19-->src\main\AndroidManifest.xml:11:7-41
20        android:label="@string/app_name"
20-->src\main\AndroidManifest.xml:10:7-39
21        android:roundIcon="@mipmap/ic_launcher_round"
21-->src\main\AndroidManifest.xml:12:7-52
22        android:theme="@style/AppTheme" >
22-->src\main\AndroidManifest.xml:14:7-38
23        <activity
23-->src\main\AndroidManifest.xml:15:7-26:18
24            android:name="com.dimand.MainActivity"
24-->src\main\AndroidManifest.xml:16:9-37
25            android:configChanges="keyboard|keyboardHidden|orientation|screenSize|uiMode"
25-->src\main\AndroidManifest.xml:18:9-86
26            android:label="@string/app_name"
26-->src\main\AndroidManifest.xml:17:9-41
27            android:launchMode="singleTask"
27-->src\main\AndroidManifest.xml:19:9-40
28            android:screenOrientation="portrait"
28-->src\main\AndroidManifest.xml:20:9-45
29            android:windowSoftInputMode="adjustResize" >
29-->src\main\AndroidManifest.xml:21:9-51
30            <intent-filter>
30-->src\main\AndroidManifest.xml:22:9-25:25
31                <action android:name="android.intent.action.MAIN" />
31-->src\main\AndroidManifest.xml:23:13-65
31-->src\main\AndroidManifest.xml:23:21-62
32
33                <category android:name="android.intent.category.LAUNCHER" />
33-->src\main\AndroidManifest.xml:24:13-73
33-->src\main\AndroidManifest.xml:24:23-70
34            </intent-filter>
35        </activity>
36
37        <provider
37-->[:react-native-image-picker] AndroidManifest.xml:12:9-20:20
38            android:name="com.imagepicker.ImagePickerProvider"
38-->[:react-native-image-picker] AndroidManifest.xml:13:13-63
39            android:authorities="com.dimand.imagepickerprovider"
39-->[:react-native-image-picker] AndroidManifest.xml:14:13-71
40            android:exported="false"
40-->[:react-native-image-picker] AndroidManifest.xml:15:13-37
41            android:grantUriPermissions="true" >
41-->[:react-native-image-picker] AndroidManifest.xml:16:13-47
42            <meta-data
42-->[:react-native-image-picker] AndroidManifest.xml:17:13-19:70
43                android:name="android.support.FILE_PROVIDER_PATHS"
43-->[:react-native-image-picker] AndroidManifest.xml:18:17-67
44                android:resource="@xml/imagepicker_provider_paths" />
44-->[:react-native-image-picker] AndroidManifest.xml:19:17-67
45        </provider>
46    </application>
47
48</manifest>